2023-05-02 09:19:44,603 [Worker-0: Loading available Gradle versions] INFO  o.e.b.c.i.u.g.PublishedGradleVersions - Gradle version information cache is out-of-date. Trying to update.
2023-05-02 09:25:12,869 [Worker-15: Launching mavenrun-17471efd-5d75-44ca-b444-cdf3373901c8] INFO  o.eclipse.m2e.core.internal.Bundles - getClasspathEntries(Bundle=org.eclipse.m2e.maven.runtime_3.8.701.20230209-1606 [271])
2023-05-02 09:25:12,884 [Worker-15: Launching mavenrun-17471efd-5d75-44ca-b444-cdf3373901c8] INFO  o.eclipse.m2e.core.internal.Bundles - 	Entry: C:\Users\User\.p2\pool\plugins\org.eclipse.m2e.maven.runtime_3.8.701.20230209-1606
2023-05-02 09:25:12,885 [Worker-15: Launching mavenrun-17471efd-5d75-44ca-b444-cdf3373901c8] INFO  o.eclipse.m2e.core.internal.Bundles - 	Entry: C:\Users\User\.p2\pool\plugins\org.eclipse.m2e.maven.runtime_3.8.701.20230209-1606\jars\aether-connector-okhttp-0.17.8.jar
2023-05-02 09:25:12,886 [Worker-15: Launching mavenrun-17471efd-5d75-44ca-b444-cdf3373901c8] INFO  o.eclipse.m2e.core.internal.Bundles - 	Entry: C:\Users\User\.p2\pool\plugins\org.eclipse.m2e.maven.runtime_3.8.701.20230209-1606\jars\commons-lang3-3.8.1.jar
2023-05-02 09:25:12,887 [Worker-15: Launching mavenrun-17471efd-5d75-44ca-b444-cdf3373901c8] INFO  o.eclipse.m2e.core.internal.Bundles - 	Entry: C:\Users\User\.p2\pool\plugins\org.eclipse.m2e.maven.runtime_3.8.701.20230209-1606\jars\guice-4.2.2-no_aop.jar
2023-05-02 09:25:12,888 [Worker-15: Launching mavenrun-17471efd-5d75-44ca-b444-cdf3373901c8] INFO  o.eclipse.m2e.core.internal.Bundles - 	Entry: C:\Users\User\.p2\pool\plugins\org.eclipse.m2e.maven.runtime_3.8.701.20230209-1606\jars\jansi-2.4.0.jar
2023-05-02 09:25:12,888 [Worker-15: Launching mavenrun-17471efd-5d75-44ca-b444-cdf3373901c8] INFO  o.eclipse.m2e.core.internal.Bundles - 	Entry: C:\Users\User\.p2\pool\plugins\org.eclipse.m2e.maven.runtime_3.8.701.20230209-1606\jars\maven-artifact-3.8.7.jar
2023-05-02 09:25:12,889 [Worker-15: Launching mavenrun-17471efd-5d75-44ca-b444-cdf3373901c8] INFO  o.eclipse.m2e.core.internal.Bundles - 	Entry: C:\Users\User\.p2\pool\plugins\org.eclipse.m2e.maven.runtime_3.8.701.20230209-1606\jars\maven-builder-support-3.8.7.jar
2023-05-02 09:25:12,890 [Worker-15: Launching mavenrun-17471efd-5d75-44ca-b444-cdf3373901c8] INFO  o.eclipse.m2e.core.internal.Bundles - 	Entry: C:\Users\User\.p2\pool\plugins\org.eclipse.m2e.maven.runtime_3.8.701.20230209-1606\jars\maven-compat-3.8.7.jar
2023-05-02 09:25:12,890 [Worker-15: Launching mavenrun-17471efd-5d75-44ca-b444-cdf3373901c8] INFO  o.eclipse.m2e.core.internal.Bundles - 	Entry: C:\Users\User\.p2\pool\plugins\org.eclipse.m2e.maven.runtime_3.8.701.20230209-1606\jars\maven-core-3.8.7.jar
2023-05-02 09:25:12,891 [Worker-15: Launching mavenrun-17471efd-5d75-44ca-b444-cdf3373901c8] INFO  o.eclipse.m2e.core.internal.Bundles - 	Entry: C:\Users\User\.p2\pool\plugins\org.eclipse.m2e.maven.runtime_3.8.701.20230209-1606\jars\maven-embedder-3.8.7.jar
2023-05-02 09:25:12,891 [Worker-15: Launching mavenrun-17471efd-5d75-44ca-b444-cdf3373901c8] INFO  o.eclipse.m2e.core.internal.Bundles - 	Entry: C:\Users\User\.p2\pool\plugins\org.eclipse.m2e.maven.runtime_3.8.701.20230209-1606\jars\maven-model-3.8.7.jar
2023-05-02 09:25:12,892 [Worker-15: Launching mavenrun-17471efd-5d75-44ca-b444-cdf3373901c8] INFO  o.eclipse.m2e.core.internal.Bundles - 	Entry: C:\Users\User\.p2\pool\plugins\org.eclipse.m2e.maven.runtime_3.8.701.20230209-1606\jars\maven-model-builder-3.8.7.jar
2023-05-02 09:25:12,892 [Worker-15: Launching mavenrun-17471efd-5d75-44ca-b444-cdf3373901c8] INFO  o.eclipse.m2e.core.internal.Bundles - 	Entry: C:\Users\User\.p2\pool\plugins\org.eclipse.m2e.maven.runtime_3.8.701.20230209-1606\jars\maven-plugin-api-3.8.7.jar
2023-05-02 09:25:12,893 [Worker-15: Launching mavenrun-17471efd-5d75-44ca-b444-cdf3373901c8] INFO  o.eclipse.m2e.core.internal.Bundles - 	Entry: C:\Users\User\.p2\pool\plugins\org.eclipse.m2e.maven.runtime_3.8.701.20230209-1606\jars\maven-repository-metadata-3.8.7.jar
2023-05-02 09:25:12,894 [Worker-15: Launching mavenrun-17471efd-5d75-44ca-b444-cdf3373901c8] INFO  o.eclipse.m2e.core.internal.Bundles - 	Entry: C:\Users\User\.p2\pool\plugins\org.eclipse.m2e.maven.runtime_3.8.701.20230209-1606\jars\maven-resolver-api-1.6.3.jar
2023-05-02 09:25:12,894 [Worker-15: Launching mavenrun-17471efd-5d75-44ca-b444-cdf3373901c8] INFO  o.eclipse.m2e.core.internal.Bundles - 	Entry: C:\Users\User\.p2\pool\plugins\org.eclipse.m2e.maven.runtime_3.8.701.20230209-1606\jars\maven-resolver-connector-basic-1.6.3.jar
2023-05-02 09:25:12,895 [Worker-15: Launching mavenrun-17471efd-5d75-44ca-b444-cdf3373901c8] INFO  o.eclipse.m2e.core.internal.Bundles - 	Entry: C:\Users\User\.p2\pool\plugins\org.eclipse.m2e.maven.runtime_3.8.701.20230209-1606\jars\maven-resolver-impl-1.6.3.jar
2023-05-02 09:25:12,896 [Worker-15: Launching mavenrun-17471efd-5d75-44ca-b444-cdf3373901c8] INFO  o.eclipse.m2e.core.internal.Bundles - 	Entry: C:\Users\User\.p2\pool\plugins\org.eclipse.m2e.maven.runtime_3.8.701.20230209-1606\jars\maven-resolver-provider-3.8.7.jar
2023-05-02 09:25:12,896 [Worker-15: Launching mavenrun-17471efd-5d75-44ca-b444-cdf3373901c8] INFO  o.eclipse.m2e.core.internal.Bundles - 	Entry: C:\Users\User\.p2\pool\plugins\org.eclipse.m2e.maven.runtime_3.8.701.20230209-1606\jars\maven-resolver-spi-1.6.3.jar
2023-05-02 09:25:12,897 [Worker-15: Launching mavenrun-17471efd-5d75-44ca-b444-cdf3373901c8] INFO  o.eclipse.m2e.core.internal.Bundles - 	Entry: C:\Users\User\.p2\pool\plugins\org.eclipse.m2e.maven.runtime_3.8.701.20230209-1606\jars\maven-resolver-transport-wagon-1.6.3.jar
2023-05-02 09:25:12,897 [Worker-15: Launching mavenrun-17471efd-5d75-44ca-b444-cdf3373901c8] INFO  o.eclipse.m2e.core.internal.Bundles - 	Entry: C:\Users\User\.p2\pool\plugins\org.eclipse.m2e.maven.runtime_3.8.701.20230209-1606\jars\maven-resolver-util-1.6.3.jar
2023-05-02 09:25:12,898 [Worker-15: Launching mavenrun-17471efd-5d75-44ca-b444-cdf3373901c8] INFO  o.eclipse.m2e.core.internal.Bundles - 	Entry: C:\Users\User\.p2\pool\plugins\org.eclipse.m2e.maven.runtime_3.8.701.20230209-1606\jars\maven-settings-3.8.7.jar
2023-05-02 09:25:12,898 [Worker-15: Launching mavenrun-17471efd-5d75-44ca-b444-cdf3373901c8] INFO  o.eclipse.m2e.core.internal.Bundles - 	Entry: C:\Users\User\.p2\pool\plugins\org.eclipse.m2e.maven.runtime_3.8.701.20230209-1606\jars\maven-settings-builder-3.8.7.jar
2023-05-02 09:25:12,899 [Worker-15: Launching mavenrun-17471efd-5d75-44ca-b444-cdf3373901c8] INFO  o.eclipse.m2e.core.internal.Bundles - 	Entry: C:\Users\User\.p2\pool\plugins\org.eclipse.m2e.maven.runtime_3.8.701.20230209-1606\jars\maven-shared-utils-3.3.4.jar
2023-05-02 09:25:12,900 [Worker-15: Launching mavenrun-17471efd-5d75-44ca-b444-cdf3373901c8] INFO  o.eclipse.m2e.core.internal.Bundles - 	Entry: C:\Users\User\.p2\pool\plugins\org.eclipse.m2e.maven.runtime_3.8.701.20230209-1606\jars\okhttp-3.14.1.jar
2023-05-02 09:25:12,900 [Worker-15: Launching mavenrun-17471efd-5d75-44ca-b444-cdf3373901c8] INFO  o.eclipse.m2e.core.internal.Bundles - 	Entry: C:\Users\User\.p2\pool\plugins\org.eclipse.m2e.maven.runtime_3.8.701.20230209-1606\jars\okio-1.17.3.jar
2023-05-02 09:25:12,901 [Worker-15: Launching mavenrun-17471efd-5d75-44ca-b444-cdf3373901c8] INFO  o.eclipse.m2e.core.internal.Bundles - 	Entry: C:\Users\User\.p2\pool\plugins\org.eclipse.m2e.maven.runtime_3.8.701.20230209-1606\jars\org.eclipse.sisu.inject-0.3.5.jar
2023-05-02 09:25:12,901 [Worker-15: Launching mavenrun-17471efd-5d75-44ca-b444-cdf3373901c8] INFO  o.eclipse.m2e.core.internal.Bundles - 	Entry: C:\Users\User\.p2\pool\plugins\org.eclipse.m2e.maven.runtime_3.8.701.20230209-1606\jars\org.eclipse.sisu.plexus-0.3.5.jar
2023-05-02 09:25:12,902 [Worker-15: Launching mavenrun-17471efd-5d75-44ca-b444-cdf3373901c8] INFO  o.eclipse.m2e.core.internal.Bundles - 	Entry: C:\Users\User\.p2\pool\plugins\org.eclipse.m2e.maven.runtime_3.8.701.20230209-1606\jars\plexus-build-api-0.0.7.jar
2023-05-02 09:25:12,902 [Worker-15: Launching mavenrun-17471efd-5d75-44ca-b444-cdf3373901c8] INFO  o.eclipse.m2e.core.internal.Bundles - 	Entry: C:\Users\User\.p2\pool\plugins\org.eclipse.m2e.maven.runtime_3.8.701.20230209-1606\jars\plexus-cipher-2.0.jar
2023-05-02 09:25:12,903 [Worker-15: Launching mavenrun-17471efd-5d75-44ca-b444-cdf3373901c8] INFO  o.eclipse.m2e.core.internal.Bundles - 	Entry: C:\Users\User\.p2\pool\plugins\org.eclipse.m2e.maven.runtime_3.8.701.20230209-1606\jars\plexus-classworlds-2.6.0.jar
2023-05-02 09:25:12,904 [Worker-15: Launching mavenrun-17471efd-5d75-44ca-b444-cdf3373901c8] INFO  o.eclipse.m2e.core.internal.Bundles - 	Entry: C:\Users\User\.p2\pool\plugins\org.eclipse.m2e.maven.runtime_3.8.701.20230209-1606\jars\plexus-component-annotations-2.1.0.jar
2023-05-02 09:25:12,904 [Worker-15: Launching mavenrun-17471efd-5d75-44ca-b444-cdf3373901c8] INFO  o.eclipse.m2e.core.internal.Bundles - 	Entry: C:\Users\User\.p2\pool\plugins\org.eclipse.m2e.maven.runtime_3.8.701.20230209-1606\jars\plexus-interpolation-1.26.jar
2023-05-02 09:25:12,905 [Worker-15: Launching mavenrun-17471efd-5d75-44ca-b444-cdf3373901c8] INFO  o.eclipse.m2e.core.internal.Bundles - 	Entry: C:\Users\User\.p2\pool\plugins\org.eclipse.m2e.maven.runtime_3.8.701.20230209-1606\jars\plexus-sec-dispatcher-2.0.jar
2023-05-02 09:25:12,905 [Worker-15: Launching mavenrun-17471efd-5d75-44ca-b444-cdf3373901c8] INFO  o.eclipse.m2e.core.internal.Bundles - 	Entry: C:\Users\User\.p2\pool\plugins\org.eclipse.m2e.maven.runtime_3.8.701.20230209-1606\jars\plexus-utils-3.3.1.jar
2023-05-02 09:25:12,906 [Worker-15: Launching mavenrun-17471efd-5d75-44ca-b444-cdf3373901c8] INFO  o.eclipse.m2e.core.internal.Bundles - 	Entry: C:\Users\User\.p2\pool\plugins\org.eclipse.m2e.maven.runtime_3.8.701.20230209-1606\jars\wagon-file-3.5.3.jar
2023-05-02 09:25:12,906 [Worker-15: Launching mavenrun-17471efd-5d75-44ca-b444-cdf3373901c8] INFO  o.eclipse.m2e.core.internal.Bundles - 	Entry: C:\Users\User\.p2\pool\plugins\org.eclipse.m2e.maven.runtime_3.8.701.20230209-1606\jars\wagon-provider-api-3.5.3.jar
2023-05-02 09:25:12,910 [Worker-15: Launching mavenrun-17471efd-5d75-44ca-b444-cdf3373901c8] INFO  o.eclipse.m2e.core.internal.Bundles - getClasspathEntries(Bundle=com.google.guava_31.1.0.jre [9])
2023-05-02 09:25:12,912 [Worker-15: Launching mavenrun-17471efd-5d75-44ca-b444-cdf3373901c8] INFO  o.eclipse.m2e.core.internal.Bundles - 	Entry: C:\Users\User\.p2\pool\plugins\com.google.guava_31.1.0.jre.jar
2023-05-02 09:25:12,913 [Worker-15: Launching mavenrun-17471efd-5d75-44ca-b444-cdf3373901c8] INFO  o.eclipse.m2e.core.internal.Bundles - getClasspathEntries(Bundle=slf4j.api_1.7.36 [439])
2023-05-02 09:25:12,915 [Worker-15: Launching mavenrun-17471efd-5d75-44ca-b444-cdf3373901c8] INFO  o.eclipse.m2e.core.internal.Bundles - 	Entry: C:\Users\User\.p2\pool\plugins\slf4j.api_1.7.36.jar
2023-05-02 09:25:12,915 [Worker-15: Launching mavenrun-17471efd-5d75-44ca-b444-cdf3373901c8] INFO  o.eclipse.m2e.core.internal.Bundles - getClasspathEntries(Bundle=javax.inject_1.0.0.v20220405-0441 [21])
2023-05-02 09:25:12,919 [Worker-15: Launching mavenrun-17471efd-5d75-44ca-b444-cdf3373901c8] INFO  o.eclipse.m2e.core.internal.Bundles - 	Entry: C:\Users\User\.p2\pool\plugins\javax.inject_1.0.0.v20220405-0441.jar
2023-05-02 09:25:12,919 [Worker-15: Launching mavenrun-17471efd-5d75-44ca-b444-cdf3373901c8] INFO  o.eclipse.m2e.core.internal.Bundles - getClasspathEntries(Bundle=javax.annotation_1.3.5.v20221203-1659 [19])
2023-05-02 09:25:12,922 [Worker-15: Launching mavenrun-17471efd-5d75-44ca-b444-cdf3373901c8] INFO  o.eclipse.m2e.core.internal.Bundles - 	Entry: C:\Users\User\.p2\pool\plugins\javax.annotation_1.3.5.v20221203-1659.jar
2023-05-02 09:25:12,922 [Worker-15: Launching mavenrun-17471efd-5d75-44ca-b444-cdf3373901c8] INFO  o.eclipse.m2e.core.internal.Bundles - getClasspathEntries(Bundle=org.apache.commons.cli_1.4.0.v20221112-0806 [41])
2023-05-02 09:25:12,925 [Worker-15: Launching mavenrun-17471efd-5d75-44ca-b444-cdf3373901c8] INFO  o.eclipse.m2e.core.internal.Bundles - 	Entry: C:\Users\User\.p2\pool\plugins\org.apache.commons.cli_1.4.0.v20221112-0806.jar
2023-05-02 09:25:12,926 [Worker-15: Launching mavenrun-17471efd-5d75-44ca-b444-cdf3373901c8] INFO  o.eclipse.m2e.core.internal.Bundles - getClasspathEntries(Bundle=com.google.guava.failureaccess_1.0.1 [11])
2023-05-02 09:25:12,928 [Worker-15: Launching mavenrun-17471efd-5d75-44ca-b444-cdf3373901c8] INFO  o.eclipse.m2e.core.internal.Bundles - 	Entry: C:\Users\User\.p2\pool\plugins\com.google.guava.failureaccess_1.0.1.jar
2023-05-02 09:25:12,943 [Worker-15: Launching mavenrun-17471efd-5d75-44ca-b444-cdf3373901c8] INFO  o.e.m.i.launch.MavenLaunchDelegate - Run build in "C:\Users\User\AppData\Local\Temp\m2e-archetypeGenerator7535393557725120558":
2023-05-02 09:25:12,951 [Worker-15: Launching mavenrun-17471efd-5d75-44ca-b444-cdf3373901c8] INFO  o.e.m.i.launch.MavenLaunchDelegate -  mvn  -DarchetypeGroupId=org.apache.maven.archetypes -DarchetypeArtifactId=maven-archetype-webapp -DarchetypeVersion=1.0 -DgroupId=org.jsp -DartifactId=hib-demo -Dversion=0.0.1-SNAPSHOT -Dpackage=org.jsp.hib_demo -DoutputDirectory=C:\Users\User\eclipse-workspace\Demo -Dstyle.color=always -U archetype:generate
2023-05-02 09:26:01,401 [Worker-14: Launching mavenrun-42def937-607d-42bf-a67f-ef70b1e2aaf1] INFO  o.e.m.i.launch.MavenLaunchDelegate - Run build in "C:\Users\User\AppData\Local\Temp\m2e-archetypeGenerator2180748327879234641":
2023-05-02 09:26:01,402 [Worker-14: Launching mavenrun-42def937-607d-42bf-a67f-ef70b1e2aaf1] INFO  o.e.m.i.launch.MavenLaunchDelegate -  mvn  -DarchetypeGroupId=org.apache.maven.archetypes -DarchetypeArtifactId=maven-archetype-webapp -DarchetypeVersion=1.0 -DgroupId=org.jsp -DartifactId=hib-demo -Dversion=0.0.1-SNAPSHOT -Dpackage=org.jsp.hib_demo -DoutputDirectory=C:\Users\User\eclipse-workspace\Demo -Dstyle.color=always -U archetype:generate
2023-05-02 09:27:18,628 [ModalContext] INFO  o.e.m.c.i.e.AbstractTransferListenerAdapter - Downloading https://repo.maven.apache.org/maven2/org/apache/maven/archetypes/maven-archetype-quickstart/1.1/maven-archetype-quickstart-1.1.pom
2023-05-02 09:27:18,659 [ModalContext] INFO  o.e.m.c.i.e.AbstractTransferListenerAdapter - Downloaded https://repo.maven.apache.org/maven2/org/apache/maven/archetypes/maven-archetype-quickstart/1.1/maven-archetype-quickstart-1.1.pom
2023-05-02 09:27:18,714 [ModalContext] INFO  o.e.m.c.i.e.AbstractTransferListenerAdapter - Downloading https://repo.maven.apache.org/maven2/org/apache/maven/archetypes/maven-archetype-bundles/4/maven-archetype-bundles-4.pom
2023-05-02 09:27:18,746 [ModalContext] INFO  o.e.m.c.i.e.AbstractTransferListenerAdapter - Downloaded https://repo.maven.apache.org/maven2/org/apache/maven/archetypes/maven-archetype-bundles/4/maven-archetype-bundles-4.pom
2023-05-02 09:27:18,773 [ModalContext] INFO  o.e.m.c.i.e.AbstractTransferListenerAdapter - Downloading https://repo.maven.apache.org/maven2/org/apache/maven/archetype/maven-archetype/2.0-alpha-5/maven-archetype-2.0-alpha-5.pom
2023-05-02 09:27:18,795 [ModalContext] INFO  o.e.m.c.i.e.AbstractTransferListenerAdapter - Downloaded https://repo.maven.apache.org/maven2/org/apache/maven/archetype/maven-archetype/2.0-alpha-5/maven-archetype-2.0-alpha-5.pom
2023-05-02 09:27:18,819 [ModalContext] INFO  o.e.m.c.i.e.AbstractTransferListenerAdapter - Downloading https://repo.maven.apache.org/maven2/org/apache/maven/maven-parent/16/maven-parent-16.pom
2023-05-02 09:27:18,848 [ModalContext] INFO  o.e.m.c.i.e.AbstractTransferListenerAdapter - Downloaded https://repo.maven.apache.org/maven2/org/apache/maven/maven-parent/16/maven-parent-16.pom
2023-05-02 09:27:18,890 [ModalContext] INFO  o.e.m.c.i.e.AbstractTransferListenerAdapter - Downloading https://repo.maven.apache.org/maven2/org/apache/maven/archetypes/maven-archetype-quickstart/1.1/maven-archetype-quickstart-1.1.jar
2023-05-02 09:27:18,912 [ModalContext] INFO  o.e.m.c.i.e.AbstractTransferListenerAdapter - Downloaded https://repo.maven.apache.org/maven2/org/apache/maven/archetypes/maven-archetype-quickstart/1.1/maven-archetype-quickstart-1.1.jar
2023-05-02 09:31:28,408 [ModalContext] INFO  o.e.m.c.i.e.AbstractTransferListenerAdapter - Downloading https://repo.maven.apache.org/maven2/org/apache/maven/archetypes/maven-archetype-webapp/1.4/maven-archetype-webapp-1.4.pom
2023-05-02 09:31:28,437 [ModalContext] INFO  o.e.m.c.i.e.AbstractTransferListenerAdapter - Downloaded https://repo.maven.apache.org/maven2/org/apache/maven/archetypes/maven-archetype-webapp/1.4/maven-archetype-webapp-1.4.pom
2023-05-02 09:31:28,455 [ModalContext] INFO  o.e.m.c.i.e.AbstractTransferListenerAdapter - Downloading https://repo.maven.apache.org/maven2/org/apache/maven/archetypes/maven-archetype-bundles/1.4/maven-archetype-bundles-1.4.pom
2023-05-02 09:31:28,491 [ModalContext] INFO  o.e.m.c.i.e.AbstractTransferListenerAdapter - Downloaded https://repo.maven.apache.org/maven2/org/apache/maven/archetypes/maven-archetype-bundles/1.4/maven-archetype-bundles-1.4.pom
2023-05-02 09:31:28,525 [ModalContext] INFO  o.e.m.c.i.e.AbstractTransferListenerAdapter - Downloading https://repo.maven.apache.org/maven2/org/apache/maven/archetypes/maven-archetype-webapp/1.4/maven-archetype-webapp-1.4.jar
2023-05-02 09:31:28,542 [ModalContext] INFO  o.e.m.c.i.e.AbstractTransferListenerAdapter - Downloaded https://repo.maven.apache.org/maven2/org/apache/maven/archetypes/maven-archetype-webapp/1.4/maven-archetype-webapp-1.4.jar
2023-05-02 09:31:57,161 [Worker-20: Launching mavenrun-2aaf2aba-77e3-4e41-b28f-bb4eac2fdd18] INFO  o.e.m.i.launch.MavenLaunchDelegate - Run build in "C:\Users\User\AppData\Local\Temp\m2e-archetypeGenerator3440350606443470085":
2023-05-02 09:31:57,162 [Worker-20: Launching mavenrun-2aaf2aba-77e3-4e41-b28f-bb4eac2fdd18] INFO  o.e.m.i.launch.MavenLaunchDelegate -  mvn  -DarchetypeGroupId=org.apache.maven.archetypes -DarchetypeArtifactId=maven-archetype-webapp -DarchetypeVersion=1.4 -DgroupId=org.jsp -DartifactId=hibernet-demo -Dversion=0.0.1-SNAPSHOT -Dpackage=org.jsp.hibernet_demo -DoutputDirectory=C:\Users\User\eclipse-workspace\Demo -Dstyle.color=always -U archetype:generate
2023-05-02 09:35:47,845 [Worker-14: Launching mavenrun-2b21d6bd-fe12-4748-898a-178784fb1a9e] INFO  o.e.m.i.launch.MavenLaunchDelegate - Run build in "C:\Users\User\AppData\Local\Temp\m2e-archetypeGenerator16635386291365735891":
2023-05-02 09:35:47,846 [Worker-14: Launching mavenrun-2b21d6bd-fe12-4748-898a-178784fb1a9e] INFO  o.e.m.i.launch.MavenLaunchDelegate -  mvn  -DarchetypeGroupId=org.apache.maven.archetypes -DarchetypeArtifactId=maven-archetype-webapp -DarchetypeVersion=1.4 -DgroupId=org.jsp -DartifactId=Demo -Dversion=0.0.1-SNAPSHOT -Dpackage=org.jsp.Demo -DoutputDirectory=C:\Users\User\eclipse-workspace\Demo -Dstyle.color=always -U archetype:generate
2023-05-02 11:28:43,917 [Worker-1: Loading available Gradle versions] INFO  o.e.b.c.i.u.g.PublishedGradleVersions - Gradle version information cache is up-to-date. Trying to read.
2023-05-02 11:29:53,245 [Worker-9: Launching mavenrun-b6af7ef5-92f5-450a-b48b-ee19fc5e5f42] INFO  o.eclipse.m2e.core.internal.Bundles - getClasspathEntries(Bundle=org.eclipse.m2e.maven.runtime_3.8.701.20230209-1606 [271])
2023-05-02 11:29:53,257 [Worker-9: Launching mavenrun-b6af7ef5-92f5-450a-b48b-ee19fc5e5f42] INFO  o.eclipse.m2e.core.internal.Bundles - 	Entry: C:\Users\User\.p2\pool\plugins\org.eclipse.m2e.maven.runtime_3.8.701.20230209-1606
2023-05-02 11:29:53,258 [Worker-9: Launching mavenrun-b6af7ef5-92f5-450a-b48b-ee19fc5e5f42] INFO  o.eclipse.m2e.core.internal.Bundles - 	Entry: C:\Users\User\.p2\pool\plugins\org.eclipse.m2e.maven.runtime_3.8.701.20230209-1606\jars\aether-connector-okhttp-0.17.8.jar
2023-05-02 11:29:53,259 [Worker-9: Launching mavenrun-b6af7ef5-92f5-450a-b48b-ee19fc5e5f42] INFO  o.eclipse.m2e.core.internal.Bundles - 	Entry: C:\Users\User\.p2\pool\plugins\org.eclipse.m2e.maven.runtime_3.8.701.20230209-1606\jars\commons-lang3-3.8.1.jar
2023-05-02 11:29:53,260 [Worker-9: Launching mavenrun-b6af7ef5-92f5-450a-b48b-ee19fc5e5f42] INFO  o.eclipse.m2e.core.internal.Bundles - 	Entry: C:\Users\User\.p2\pool\plugins\org.eclipse.m2e.maven.runtime_3.8.701.20230209-1606\jars\guice-4.2.2-no_aop.jar
2023-05-02 11:29:53,260 [Worker-9: Launching mavenrun-b6af7ef5-92f5-450a-b48b-ee19fc5e5f42] INFO  o.eclipse.m2e.core.internal.Bundles - 	Entry: C:\Users\User\.p2\pool\plugins\org.eclipse.m2e.maven.runtime_3.8.701.20230209-1606\jars\jansi-2.4.0.jar
2023-05-02 11:29:53,261 [Worker-9: Launching mavenrun-b6af7ef5-92f5-450a-b48b-ee19fc5e5f42] INFO  o.eclipse.m2e.core.internal.Bundles - 	Entry: C:\Users\User\.p2\pool\plugins\org.eclipse.m2e.maven.runtime_3.8.701.20230209-1606\jars\maven-artifact-3.8.7.jar
2023-05-02 11:29:53,262 [Worker-9: Launching mavenrun-b6af7ef5-92f5-450a-b48b-ee19fc5e5f42] INFO  o.eclipse.m2e.core.internal.Bundles - 	Entry: C:\Users\User\.p2\pool\plugins\org.eclipse.m2e.maven.runtime_3.8.701.20230209-1606\jars\maven-builder-support-3.8.7.jar
2023-05-02 11:29:53,262 [Worker-9: Launching mavenrun-b6af7ef5-92f5-450a-b48b-ee19fc5e5f42] INFO  o.eclipse.m2e.core.internal.Bundles - 	Entry: C:\Users\User\.p2\pool\plugins\org.eclipse.m2e.maven.runtime_3.8.701.20230209-1606\jars\maven-compat-3.8.7.jar
2023-05-02 11:29:53,263 [Worker-9: Launching mavenrun-b6af7ef5-92f5-450a-b48b-ee19fc5e5f42] INFO  o.eclipse.m2e.core.internal.Bundles - 	Entry: C:\Users\User\.p2\pool\plugins\org.eclipse.m2e.maven.runtime_3.8.701.20230209-1606\jars\maven-core-3.8.7.jar
2023-05-02 11:29:53,263 [Worker-9: Launching mavenrun-b6af7ef5-92f5-450a-b48b-ee19fc5e5f42] INFO  o.eclipse.m2e.core.internal.Bundles - 	Entry: C:\Users\User\.p2\pool\plugins\org.eclipse.m2e.maven.runtime_3.8.701.20230209-1606\jars\maven-embedder-3.8.7.jar
2023-05-02 11:29:53,264 [Worker-9: Launching mavenrun-b6af7ef5-92f5-450a-b48b-ee19fc5e5f42] INFO  o.eclipse.m2e.core.internal.Bundles - 	Entry: C:\Users\User\.p2\pool\plugins\org.eclipse.m2e.maven.runtime_3.8.701.20230209-1606\jars\maven-model-3.8.7.jar
2023-05-02 11:29:53,265 [Worker-9: Launching mavenrun-b6af7ef5-92f5-450a-b48b-ee19fc5e5f42] INFO  o.eclipse.m2e.core.internal.Bundles - 	Entry: C:\Users\User\.p2\pool\plugins\org.eclipse.m2e.maven.runtime_3.8.701.20230209-1606\jars\maven-model-builder-3.8.7.jar
2023-05-02 11:29:53,266 [Worker-9: Launching mavenrun-b6af7ef5-92f5-450a-b48b-ee19fc5e5f42] INFO  o.eclipse.m2e.core.internal.Bundles - 	Entry: C:\Users\User\.p2\pool\plugins\org.eclipse.m2e.maven.runtime_3.8.701.20230209-1606\jars\maven-plugin-api-3.8.7.jar
2023-05-02 11:29:53,267 [Worker-9: Launching mavenrun-b6af7ef5-92f5-450a-b48b-ee19fc5e5f42] INFO  o.eclipse.m2e.core.internal.Bundles - 	Entry: C:\Users\User\.p2\pool\plugins\org.eclipse.m2e.maven.runtime_3.8.701.20230209-1606\jars\maven-repository-metadata-3.8.7.jar
2023-05-02 11:29:53,268 [Worker-9: Launching mavenrun-b6af7ef5-92f5-450a-b48b-ee19fc5e5f42] INFO  o.eclipse.m2e.core.internal.Bundles - 	Entry: C:\Users\User\.p2\pool\plugins\org.eclipse.m2e.maven.runtime_3.8.701.20230209-1606\jars\maven-resolver-api-1.6.3.jar
2023-05-02 11:29:53,268 [Worker-9: Launching mavenrun-b6af7ef5-92f5-450a-b48b-ee19fc5e5f42] INFO  o.eclipse.m2e.core.internal.Bundles - 	Entry: C:\Users\User\.p2\pool\plugins\org.eclipse.m2e.maven.runtime_3.8.701.20230209-1606\jars\maven-resolver-connector-basic-1.6.3.jar
2023-05-02 11:29:53,269 [Worker-9: Launching mavenrun-b6af7ef5-92f5-450a-b48b-ee19fc5e5f42] INFO  o.eclipse.m2e.core.internal.Bundles - 	Entry: C:\Users\User\.p2\pool\plugins\org.eclipse.m2e.maven.runtime_3.8.701.20230209-1606\jars\maven-resolver-impl-1.6.3.jar
2023-05-02 11:29:53,269 [Worker-9: Launching mavenrun-b6af7ef5-92f5-450a-b48b-ee19fc5e5f42] INFO  o.eclipse.m2e.core.internal.Bundles - 	Entry: C:\Users\User\.p2\pool\plugins\org.eclipse.m2e.maven.runtime_3.8.701.20230209-1606\jars\maven-resolver-provider-3.8.7.jar
2023-05-02 11:29:53,270 [Worker-9: Launching mavenrun-b6af7ef5-92f5-450a-b48b-ee19fc5e5f42] INFO  o.eclipse.m2e.core.internal.Bundles - 	Entry: C:\Users\User\.p2\pool\plugins\org.eclipse.m2e.maven.runtime_3.8.701.20230209-1606\jars\maven-resolver-spi-1.6.3.jar
2023-05-02 11:29:53,271 [Worker-9: Launching mavenrun-b6af7ef5-92f5-450a-b48b-ee19fc5e5f42] INFO  o.eclipse.m2e.core.internal.Bundles - 	Entry: C:\Users\User\.p2\pool\plugins\org.eclipse.m2e.maven.runtime_3.8.701.20230209-1606\jars\maven-resolver-transport-wagon-1.6.3.jar
2023-05-02 11:29:53,271 [Worker-9: Launching mavenrun-b6af7ef5-92f5-450a-b48b-ee19fc5e5f42] INFO  o.eclipse.m2e.core.internal.Bundles - 	Entry: C:\Users\User\.p2\pool\plugins\org.eclipse.m2e.maven.runtime_3.8.701.20230209-1606\jars\maven-resolver-util-1.6.3.jar
2023-05-02 11:29:53,272 [Worker-9: Launching mavenrun-b6af7ef5-92f5-450a-b48b-ee19fc5e5f42] INFO  o.eclipse.m2e.core.internal.Bundles - 	Entry: C:\Users\User\.p2\pool\plugins\org.eclipse.m2e.maven.runtime_3.8.701.20230209-1606\jars\maven-settings-3.8.7.jar
2023-05-02 11:29:53,272 [Worker-9: Launching mavenrun-b6af7ef5-92f5-450a-b48b-ee19fc5e5f42] INFO  o.eclipse.m2e.core.internal.Bundles - 	Entry: C:\Users\User\.p2\pool\plugins\org.eclipse.m2e.maven.runtime_3.8.701.20230209-1606\jars\maven-settings-builder-3.8.7.jar
2023-05-02 11:29:53,273 [Worker-9: Launching mavenrun-b6af7ef5-92f5-450a-b48b-ee19fc5e5f42] INFO  o.eclipse.m2e.core.internal.Bundles - 	Entry: C:\Users\User\.p2\pool\plugins\org.eclipse.m2e.maven.runtime_3.8.701.20230209-1606\jars\maven-shared-utils-3.3.4.jar
2023-05-02 11:29:53,274 [Worker-9: Launching mavenrun-b6af7ef5-92f5-450a-b48b-ee19fc5e5f42] INFO  o.eclipse.m2e.core.internal.Bundles - 	Entry: C:\Users\User\.p2\pool\plugins\org.eclipse.m2e.maven.runtime_3.8.701.20230209-1606\jars\okhttp-3.14.1.jar
2023-05-02 11:29:53,274 [Worker-9: Launching mavenrun-b6af7ef5-92f5-450a-b48b-ee19fc5e5f42] INFO  o.eclipse.m2e.core.internal.Bundles - 	Entry: C:\Users\User\.p2\pool\plugins\org.eclipse.m2e.maven.runtime_3.8.701.20230209-1606\jars\okio-1.17.3.jar
2023-05-02 11:29:53,275 [Worker-9: Launching mavenrun-b6af7ef5-92f5-450a-b48b-ee19fc5e5f42] INFO  o.eclipse.m2e.core.internal.Bundles - 	Entry: C:\Users\User\.p2\pool\plugins\org.eclipse.m2e.maven.runtime_3.8.701.20230209-1606\jars\org.eclipse.sisu.inject-0.3.5.jar
2023-05-02 11:29:53,276 [Worker-9: Launching mavenrun-b6af7ef5-92f5-450a-b48b-ee19fc5e5f42] INFO  o.eclipse.m2e.core.internal.Bundles - 	Entry: C:\Users\User\.p2\pool\plugins\org.eclipse.m2e.maven.runtime_3.8.701.20230209-1606\jars\org.eclipse.sisu.plexus-0.3.5.jar
2023-05-02 11:29:53,276 [Worker-9: Launching mavenrun-b6af7ef5-92f5-450a-b48b-ee19fc5e5f42] INFO  o.eclipse.m2e.core.internal.Bundles - 	Entry: C:\Users\User\.p2\pool\plugins\org.eclipse.m2e.maven.runtime_3.8.701.20230209-1606\jars\plexus-build-api-0.0.7.jar
2023-05-02 11:29:53,277 [Worker-9: Launching mavenrun-b6af7ef5-92f5-450a-b48b-ee19fc5e5f42] INFO  o.eclipse.m2e.core.internal.Bundles - 	Entry: C:\Users\User\.p2\pool\plugins\org.eclipse.m2e.maven.runtime_3.8.701.20230209-1606\jars\plexus-cipher-2.0.jar
2023-05-02 11:29:53,278 [Worker-9: Launching mavenrun-b6af7ef5-92f5-450a-b48b-ee19fc5e5f42] INFO  o.eclipse.m2e.core.internal.Bundles - 	Entry: C:\Users\User\.p2\pool\plugins\org.eclipse.m2e.maven.runtime_3.8.701.20230209-1606\jars\plexus-classworlds-2.6.0.jar
2023-05-02 11:29:53,279 [Worker-9: Launching mavenrun-b6af7ef5-92f5-450a-b48b-ee19fc5e5f42] INFO  o.eclipse.m2e.core.internal.Bundles - 	Entry: C:\Users\User\.p2\pool\plugins\org.eclipse.m2e.maven.runtime_3.8.701.20230209-1606\jars\plexus-component-annotations-2.1.0.jar
2023-05-02 11:29:53,280 [Worker-9: Launching mavenrun-b6af7ef5-92f5-450a-b48b-ee19fc5e5f42] INFO  o.eclipse.m2e.core.internal.Bundles - 	Entry: C:\Users\User\.p2\pool\plugins\org.eclipse.m2e.maven.runtime_3.8.701.20230209-1606\jars\plexus-interpolation-1.26.jar
2023-05-02 11:29:53,282 [Worker-9: Launching mavenrun-b6af7ef5-92f5-450a-b48b-ee19fc5e5f42] INFO  o.eclipse.m2e.core.internal.Bundles - 	Entry: C:\Users\User\.p2\pool\plugins\org.eclipse.m2e.maven.runtime_3.8.701.20230209-1606\jars\plexus-sec-dispatcher-2.0.jar
2023-05-02 11:29:53,283 [Worker-9: Launching mavenrun-b6af7ef5-92f5-450a-b48b-ee19fc5e5f42] INFO  o.eclipse.m2e.core.internal.Bundles - 	Entry: C:\Users\User\.p2\pool\plugins\org.eclipse.m2e.maven.runtime_3.8.701.20230209-1606\jars\plexus-utils-3.3.1.jar
2023-05-02 11:29:53,286 [Worker-9: Launching mavenrun-b6af7ef5-92f5-450a-b48b-ee19fc5e5f42] INFO  o.eclipse.m2e.core.internal.Bundles - 	Entry: C:\Users\User\.p2\pool\plugins\org.eclipse.m2e.maven.runtime_3.8.701.20230209-1606\jars\wagon-file-3.5.3.jar
2023-05-02 11:29:53,287 [Worker-9: Launching mavenrun-b6af7ef5-92f5-450a-b48b-ee19fc5e5f42] INFO  o.eclipse.m2e.core.internal.Bundles - 	Entry: C:\Users\User\.p2\pool\plugins\org.eclipse.m2e.maven.runtime_3.8.701.20230209-1606\jars\wagon-provider-api-3.5.3.jar
2023-05-02 11:29:53,298 [Worker-9: Launching mavenrun-b6af7ef5-92f5-450a-b48b-ee19fc5e5f42] INFO  o.eclipse.m2e.core.internal.Bundles - getClasspathEntries(Bundle=com.google.guava_31.1.0.jre [9])
2023-05-02 11:29:53,303 [Worker-9: Launching mavenrun-b6af7ef5-92f5-450a-b48b-ee19fc5e5f42] INFO  o.eclipse.m2e.core.internal.Bundles - 	Entry: C:\Users\User\.p2\pool\plugins\com.google.guava_31.1.0.jre.jar
2023-05-02 11:29:53,304 [Worker-9: Launching mavenrun-b6af7ef5-92f5-450a-b48b-ee19fc5e5f42] INFO  o.eclipse.m2e.core.internal.Bundles - getClasspathEntries(Bundle=slf4j.api_1.7.36 [439])
2023-05-02 11:29:53,309 [Worker-9: Launching mavenrun-b6af7ef5-92f5-450a-b48b-ee19fc5e5f42] INFO  o.eclipse.m2e.core.internal.Bundles - 	Entry: C:\Users\User\.p2\pool\plugins\slf4j.api_1.7.36.jar
2023-05-02 11:29:53,310 [Worker-9: Launching mavenrun-b6af7ef5-92f5-450a-b48b-ee19fc5e5f42] INFO  o.eclipse.m2e.core.internal.Bundles - getClasspathEntries(Bundle=javax.inject_1.0.0.v20220405-0441 [21])
2023-05-02 11:29:53,316 [Worker-9: Launching mavenrun-b6af7ef5-92f5-450a-b48b-ee19fc5e5f42] INFO  o.eclipse.m2e.core.internal.Bundles - 	Entry: C:\Users\User\.p2\pool\plugins\javax.inject_1.0.0.v20220405-0441.jar
2023-05-02 11:29:53,316 [Worker-9: Launching mavenrun-b6af7ef5-92f5-450a-b48b-ee19fc5e5f42] INFO  o.eclipse.m2e.core.internal.Bundles - getClasspathEntries(Bundle=javax.annotation_1.3.5.v20221203-1659 [19])
2023-05-02 11:29:53,319 [Worker-9: Launching mavenrun-b6af7ef5-92f5-450a-b48b-ee19fc5e5f42] INFO  o.eclipse.m2e.core.internal.Bundles - 	Entry: C:\Users\User\.p2\pool\plugins\javax.annotation_1.3.5.v20221203-1659.jar
2023-05-02 11:29:53,319 [Worker-9: Launching mavenrun-b6af7ef5-92f5-450a-b48b-ee19fc5e5f42] INFO  o.eclipse.m2e.core.internal.Bundles - getClasspathEntries(Bundle=org.apache.commons.cli_1.4.0.v20221112-0806 [41])
2023-05-02 11:29:53,322 [Worker-9: Launching mavenrun-b6af7ef5-92f5-450a-b48b-ee19fc5e5f42] INFO  o.eclipse.m2e.core.internal.Bundles - 	Entry: C:\Users\User\.p2\pool\plugins\org.apache.commons.cli_1.4.0.v20221112-0806.jar
2023-05-02 11:29:53,323 [Worker-9: Launching mavenrun-b6af7ef5-92f5-450a-b48b-ee19fc5e5f42] INFO  o.eclipse.m2e.core.internal.Bundles - getClasspathEntries(Bundle=com.google.guava.failureaccess_1.0.1 [11])
2023-05-02 11:29:53,325 [Worker-9: Launching mavenrun-b6af7ef5-92f5-450a-b48b-ee19fc5e5f42] INFO  o.eclipse.m2e.core.internal.Bundles - 	Entry: C:\Users\User\.p2\pool\plugins\com.google.guava.failureaccess_1.0.1.jar
2023-05-02 11:29:53,340 [Worker-9: Launching mavenrun-b6af7ef5-92f5-450a-b48b-ee19fc5e5f42] INFO  o.e.m.i.launch.MavenLaunchDelegate - Run build in "C:\Users\User\AppData\Local\Temp\m2e-archetypeGenerator3124525687170886529":
2023-05-02 11:29:53,354 [Worker-9: Launching mavenrun-b6af7ef5-92f5-450a-b48b-ee19fc5e5f42] INFO  o.e.m.i.launch.MavenLaunchDelegate -  mvn  -DarchetypeGroupId=org.apache.maven.archetypes -DarchetypeArtifactId=maven-archetype-webapp -DarchetypeVersion=1.4 -DgroupId=org.jsp -DartifactId=Demo2 -Dversion=0.0.1-SNAPSHOT -Dpackage=org.jsp.Demo2 -DoutputDirectory=C:\Users\User\eclipse-workspace\Demo -Dstyle.color=always -U archetype:generate
